<?xml version="1.0" encoding="utf-8"?>
<coverage line-rate="0.5909" branch-rate="0.5" version="1.9" timestamp="1631719244" lines-covered="195" lines-valid="330" branches-covered="60" branches-valid="120">
  <sources>
    <source>d:\GithubProject\Collapsenav.Net.Tool\Collapsenav.Net.Tool\</source>
  </sources>
  <packages>
    <package name="Collapsenav.Net.Tool" line-rate="0.5909" branch-rate="0.5" complexity="171">
      <classes>
        <class name="Collapsenav.Net.Tool.DateTools" filename="Date\DateTools.cs" line-rate="0" branch-rate="0" complexity="13">
          <methods>
            <method name="ToTimeStamp" signature="(System.DateTime)" line-rate="0" branch-rate="1" complexity="1">
              <lines>
                <line number="11" hits="0" branch="False" />
                <line number="12" hits="0" branch="False" />
                <line number="13" hits="0" branch="False" />
              </lines>
            </method>
            <method name="ToDateTime" signature="(System.Nullable`1&lt;System.Int64&gt;)" line-rate="0" branch-rate="0" complexity="4">
              <lines>
                <line number="18" hits="0" branch="False" />
                <line number="19" hits="0" branch="True" condition-coverage="0% (0/4)">
                  <conditions>
                    <condition number="8" type="jump" coverage="0%" />
                    <condition number="41" type="jump" coverage="0%" />
                  </conditions>
                </line>
                <line number="20" hits="0" branch="False" />
                <line number="21" hits="0" branch="False" />
              </lines>
            </method>
            <method name="TransformDateTime" signature="(System.DateTime,Collapsenav.Net.Tool.DateLevel)" line-rate="0" branch-rate="0" complexity="8">
              <lines>
                <line number="26" hits="0" branch="False" />
                <line number="27" hits="0" branch="True" condition-coverage="0% (0/8)">
                  <conditions>
                    <condition number="6" type="switch" coverage="0%" />
                  </conditions>
                </line>
                <line number="28" hits="0" branch="False" />
                <line number="29" hits="0" branch="False" />
                <line number="30" hits="0" branch="False" />
                <line number="31" hits="0" branch="False" />
                <line number="32" hits="0" branch="False" />
                <line number="33" hits="0" branch="False" />
                <line number="34" hits="0" branch="False" />
                <line number="35" hits="0" branch="False" />
                <line number="36" hits="0" branch="False" />
                <line number="37" hits="0" branch="False" />
                <line number="38" hits="0" branch="False" />
                <line number="39" hits="0" branch="False" />
              </lines>
            </method>
          </methods>
          <lines>
            <line number="11" hits="0" branch="False" />
            <line number="12" hits="0" branch="False" />
            <line number="13" hits="0" branch="False" />
            <line number="18" hits="0" branch="False" />
            <line number="19" hits="0" branch="True" condition-coverage="0% (0/4)">
              <conditions>
                <condition number="8" type="jump" coverage="0%" />
                <condition number="41" type="jump" coverage="0%" />
              </conditions>
            </line>
            <line number="20" hits="0" branch="False" />
            <line number="21" hits="0" branch="False" />
            <line number="26" hits="0" branch="False" />
            <line number="27" hits="0" branch="True" condition-coverage="0% (0/8)">
              <conditions>
                <condition number="6" type="switch" coverage="0%" />
              </conditions>
            </line>
            <line number="28" hits="0" branch="False" />
            <line number="29" hits="0" branch="False" />
            <line number="30" hits="0" branch="False" />
            <line number="31" hits="0" branch="False" />
            <line number="32" hits="0" branch="False" />
            <line number="33" hits="0" branch="False" />
            <line number="34" hits="0" branch="False" />
            <line number="35" hits="0" branch="False" />
            <line number="36" hits="0" branch="False" />
            <line number="37" hits="0" branch="False" />
            <line number="38" hits="0" branch="False" />
            <line number="39" hits="0" branch="False" />
          </lines>
        </class>
        <class name="Collapsenav.Net.Tool.CollectionExt" filename="Extensions\CollectionExt.cs" line-rate="0.8887999999999999" branch-rate="0.875" complexity="24">
          <methods>
            <method name="ContainAnd" signature="(System.Collections.Generic.IEnumerable`1&lt;T&gt;,T[])" line-rate="1" branch-rate="1" complexity="4">
              <lines>
                <line number="15" hits="2" branch="False" />
                <line number="16" hits="13" branch="True" condition-coverage="100% (2/2)">
                  <conditions>
                    <condition number="43" type="jump" coverage="100%" />
                  </conditions>
                </line>
                <line number="17" hits="4" branch="True" condition-coverage="100% (2/2)">
                  <conditions>
                    <condition number="28" type="jump" coverage="100%" />
                  </conditions>
                </line>
                <line number="18" hits="1" branch="False" />
                <line number="19" hits="1" branch="False" />
                <line number="20" hits="2" branch="False" />
              </lines>
            </method>
            <method name="ContainOr" signature="(System.Collections.Generic.IEnumerable`1&lt;T&gt;,T[])" line-rate="1" branch-rate="1" complexity="4">
              <lines>
                <line number="26" hits="3" branch="False" />
                <line number="27" hits="15" branch="True" condition-coverage="100% (2/2)">
                  <conditions>
                    <condition number="40" type="jump" coverage="100%" />
                  </conditions>
                </line>
                <line number="28" hits="4" branch="True" condition-coverage="100% (2/2)">
                  <conditions>
                    <condition number="25" type="jump" coverage="100%" />
                  </conditions>
                </line>
                <line number="29" hits="2" branch="False" />
                <line number="30" hits="1" branch="False" />
                <line number="31" hits="3" branch="False" />
              </lines>
            </method>
            <method name="Unique" signature="(System.Collections.Generic.IEnumerable`1&lt;T&gt;,System.Func`2&lt;T,E&gt;)" line-rate="1" branch-rate="1" complexity="2">
              <lines>
                <line number="42" hits="1" branch="False" />
                <line number="43" hits="5" branch="True" condition-coverage="100% (2/2)">
                  <conditions>
                    <condition number="14" type="jump" coverage="100%" />
                  </conditions>
                </line>
                <line number="44" hits="1" branch="False" />
              </lines>
            </method>
            <method name="Unique" signature="(System.Collections.Generic.IEnumerable`1&lt;T&gt;)" line-rate="1" branch-rate="1" complexity="4">
              <lines>
                <line number="49" hits="1" branch="False" />
                <line number="50" hits="12" branch="True" condition-coverage="100% (4/4)">
                  <conditions>
                    <condition number="8" type="jump" coverage="100%" />
                    <condition number="44" type="jump" coverage="100%" />
                  </conditions>
                </line>
                <line number="51" hits="1" branch="False" />
              </lines>
            </method>
            <method name="WhereIf" signature="(System.Collections.Generic.IEnumerable`1&lt;T&gt;,System.Boolean,System.Func`2&lt;T,System.Boolean&gt;)" line-rate="1" branch-rate="1" complexity="2">
              <lines>
                <line number="54" hits="2" branch="False" />
                <line number="55" hits="2" branch="True" condition-coverage="100% (2/2)">
                  <conditions>
                    <condition number="2" type="jump" coverage="100%" />
                  </conditions>
                </line>
                <line number="56" hits="2" branch="False" />
              </lines>
            </method>
            <method name="WhereIf" signature="(System.Collections.Generic.IEnumerable`1&lt;T&gt;,System.String,System.Func`2&lt;T,System.Boolean&gt;)" line-rate="0" branch-rate="0" complexity="2">
              <lines>
                <line number="59" hits="0" branch="False" />
                <line number="60" hits="0" branch="True" condition-coverage="0% (0/2)">
                  <conditions>
                    <condition number="7" type="jump" coverage="0%" />
                  </conditions>
                </line>
                <line number="61" hits="0" branch="False" />
              </lines>
            </method>
            <method name="RemoveRepeat" signature="(System.Collections.Generic.IEnumerable`1&lt;T&gt;,System.Collections.Generic.IEnumerable`1&lt;T&gt;)" line-rate="0.9166" branch-rate="0.8332999999999999" complexity="6">
              <lines>
                <line number="64" hits="1" branch="False" />
                <line number="65" hits="1" branch="False" />
                <line number="66" hits="1" branch="True" condition-coverage="50% (1/2)">
                  <conditions>
                    <condition number="15" type="jump" coverage="50%" />
                  </conditions>
                </line>
                <line number="67" hits="0" branch="False" />
                <line number="68" hits="1" branch="False" />
                <line number="69" hits="11" branch="True" condition-coverage="100% (2/2)">
                  <conditions>
                    <condition number="79" type="jump" coverage="100%" />
                  </conditions>
                </line>
                <line number="70" hits="4" branch="False" />
                <line number="71" hits="4" branch="True" condition-coverage="100% (2/2)">
                  <conditions>
                    <condition number="61" type="jump" coverage="100%" />
                  </conditions>
                </line>
                <line number="72" hits="1" branch="False" />
                <line number="73" hits="4" branch="False" />
                <line number="74" hits="1" branch="False" />
                <line number="75" hits="1" branch="False" />
              </lines>
            </method>
          </methods>
          <lines>
            <line number="15" hits="2" branch="False" />
            <line number="16" hits="13" branch="True" condition-coverage="100% (2/2)">
              <conditions>
                <condition number="43" type="jump" coverage="100%" />
              </conditions>
            </line>
            <line number="17" hits="4" branch="True" condition-coverage="100% (2/2)">
              <conditions>
                <condition number="28" type="jump" coverage="100%" />
              </conditions>
            </line>
            <line number="18" hits="1" branch="False" />
            <line number="19" hits="1" branch="False" />
            <line number="20" hits="2" branch="False" />
            <line number="26" hits="3" branch="False" />
            <line number="27" hits="15" branch="True" condition-coverage="100% (2/2)">
              <conditions>
                <condition number="40" type="jump" coverage="100%" />
              </conditions>
            </line>
            <line number="28" hits="4" branch="True" condition-coverage="100% (2/2)">
              <conditions>
                <condition number="25" type="jump" coverage="100%" />
              </conditions>
            </line>
            <line number="29" hits="2" branch="False" />
            <line number="30" hits="1" branch="False" />
            <line number="31" hits="3" branch="False" />
            <line number="42" hits="1" branch="False" />
            <line number="43" hits="5" branch="True" condition-coverage="100% (2/2)">
              <conditions>
                <condition number="14" type="jump" coverage="100%" />
              </conditions>
            </line>
            <line number="44" hits="1" branch="False" />
            <line number="49" hits="1" branch="False" />
            <line number="50" hits="12" branch="True" condition-coverage="100% (4/4)">
              <conditions>
                <condition number="8" type="jump" coverage="100%" />
                <condition number="44" type="jump" coverage="100%" />
              </conditions>
            </line>
            <line number="51" hits="1" branch="False" />
            <line number="54" hits="2" branch="False" />
            <line number="55" hits="2" branch="True" condition-coverage="100% (2/2)">
              <conditions>
                <condition number="2" type="jump" coverage="100%" />
              </conditions>
            </line>
            <line number="56" hits="2" branch="False" />
            <line number="59" hits="0" branch="False" />
            <line number="60" hits="0" branch="True" condition-coverage="0% (0/2)">
              <conditions>
                <condition number="7" type="jump" coverage="0%" />
              </conditions>
            </line>
            <line number="61" hits="0" branch="False" />
            <line number="64" hits="1" branch="False" />
            <line number="65" hits="1" branch="False" />
            <line number="66" hits="1" branch="True" condition-coverage="50% (1/2)">
              <conditions>
                <condition number="15" type="jump" coverage="50%" />
              </conditions>
            </line>
            <line number="67" hits="0" branch="False" />
            <line number="68" hits="1" branch="False" />
            <line number="69" hits="11" branch="True" condition-coverage="100% (2/2)">
              <conditions>
                <condition number="79" type="jump" coverage="100%" />
              </conditions>
            </line>
            <line number="70" hits="4" branch="False" />
            <line number="71" hits="4" branch="True" condition-coverage="100% (2/2)">
              <conditions>
                <condition number="61" type="jump" coverage="100%" />
              </conditions>
            </line>
            <line number="72" hits="1" branch="False" />
            <line number="73" hits="4" branch="False" />
            <line number="74" hits="1" branch="False" />
            <line number="75" hits="1" branch="False" />
          </lines>
        </class>
        <class name="Collapsenav.Net.Tool.CollectionExt/&lt;SpliteCollection&gt;d__2`1" filename="Extensions\CollectionExt.cs" line-rate="0" branch-rate="0" complexity="2">
          <methods>
            <method name="MoveNext" signature="()" line-rate="0" branch-rate="0" complexity="2">
              <lines>
                <line number="34" hits="0" branch="False" />
                <line number="35" hits="0" branch="True" condition-coverage="0% (0/2)">
                  <conditions>
                    <condition number="145" type="jump" coverage="0%" />
                  </conditions>
                </line>
                <line number="36" hits="0" branch="False" />
                <line number="37" hits="0" branch="False" />
              </lines>
            </method>
          </methods>
          <lines>
            <line number="34" hits="0" branch="False" />
            <line number="35" hits="0" branch="True" condition-coverage="0% (0/2)">
              <conditions>
                <condition number="145" type="jump" coverage="0%" />
              </conditions>
            </line>
            <line number="36" hits="0" branch="False" />
            <line number="37" hits="0" branch="False" />
          </lines>
        </class>
        <class name="Collapsenav.Net.Tool.DateTimeExt" filename="Extensions\DateTimeExt.cs" line-rate="0" branch-rate="1" complexity="10">
          <methods>
            <method name="ToTimestamp" signature="(System.DateTime)" line-rate="0" branch-rate="1" complexity="1">
              <lines>
                <line number="8" hits="0" branch="False" />
                <line number="9" hits="0" branch="False" />
                <line number="10" hits="0" branch="False" />
              </lines>
            </method>
            <method name="ToDateTime" signature="(System.Int64)" line-rate="0" branch-rate="1" complexity="1">
              <lines>
                <line number="13" hits="0" branch="False" />
                <line number="14" hits="0" branch="False" />
                <line number="15" hits="0" branch="False" />
              </lines>
            </method>
            <method name="ToYear" signature="(System.DateTime)" line-rate="0" branch-rate="1" complexity="1">
              <lines>
                <line number="19" hits="0" branch="False" />
              </lines>
            </method>
            <method name="ToMonth" signature="(System.DateTime)" line-rate="0" branch-rate="1" complexity="1">
              <lines>
                <line number="24" hits="0" branch="False" />
              </lines>
            </method>
            <method name="ToDay" signature="(System.DateTime)" line-rate="0" branch-rate="1" complexity="1">
              <lines>
                <line number="29" hits="0" branch="False" />
              </lines>
            </method>
            <method name="ToHour" signature="(System.DateTime)" line-rate="0" branch-rate="1" complexity="1">
              <lines>
                <line number="34" hits="0" branch="False" />
              </lines>
            </method>
            <method name="ToMinute" signature="(System.DateTime)" line-rate="0" branch-rate="1" complexity="1">
              <lines>
                <line number="39" hits="0" branch="False" />
              </lines>
            </method>
            <method name="ToSecond" signature="(System.DateTime)" line-rate="0" branch-rate="1" complexity="1">
              <lines>
                <line number="44" hits="0" branch="False" />
              </lines>
            </method>
            <method name="ToMillisecond" signature="(System.DateTime)" line-rate="0" branch-rate="1" complexity="1">
              <lines>
                <line number="49" hits="0" branch="False" />
              </lines>
            </method>
            <method name="To" signature="(System.DateTime,Collapsenav.Net.Tool.DateLevel)" line-rate="0" branch-rate="1" complexity="1">
              <lines>
                <line number="50" hits="0" branch="False" />
              </lines>
            </method>
          </methods>
          <lines>
            <line number="8" hits="0" branch="False" />
            <line number="9" hits="0" branch="False" />
            <line number="10" hits="0" branch="False" />
            <line number="13" hits="0" branch="False" />
            <line number="14" hits="0" branch="False" />
            <line number="15" hits="0" branch="False" />
            <line number="19" hits="0" branch="False" />
            <line number="24" hits="0" branch="False" />
            <line number="29" hits="0" branch="False" />
            <line number="34" hits="0" branch="False" />
            <line number="39" hits="0" branch="False" />
            <line number="44" hits="0" branch="False" />
            <line number="49" hits="0" branch="False" />
            <line number="50" hits="0" branch="False" />
          </lines>
        </class>
        <class name="Collapsenav.Net.Tool.HttpClientExt/&lt;SendFileAsync&gt;d__0" filename="Extensions\HttpClientExt.cs" line-rate="0" branch-rate="1" complexity="1">
          <methods>
            <method name="MoveNext" signature="()" line-rate="0" branch-rate="1" complexity="1">
              <lines>
                <line number="13" hits="0" branch="False" />
                <line number="14" hits="0" branch="False" />
                <line number="15" hits="0" branch="False" />
              </lines>
            </method>
          </methods>
          <lines>
            <line number="13" hits="0" branch="False" />
            <line number="14" hits="0" branch="False" />
            <line number="15" hits="0" branch="False" />
          </lines>
        </class>
        <class name="Collapsenav.Net.Tool.HttpClientExt/&lt;SendFileAsync&gt;d__1" filename="Extensions\HttpClientExt.cs" line-rate="0" branch-rate="1" complexity="1">
          <methods>
            <method name="MoveNext" signature="()" line-rate="0" branch-rate="1" complexity="1">
              <lines>
                <line number="20" hits="0" branch="False" />
                <line number="21" hits="0" branch="False" />
                <line number="22" hits="0" branch="False" />
              </lines>
            </method>
          </methods>
          <lines>
            <line number="20" hits="0" branch="False" />
            <line number="21" hits="0" branch="False" />
            <line number="22" hits="0" branch="False" />
          </lines>
        </class>
        <class name="Collapsenav.Net.Tool.HttpClientExt/&lt;GetFileAsync&gt;d__2" filename="Extensions\HttpClientExt.cs" line-rate="0" branch-rate="1" complexity="1">
          <methods>
            <method name="MoveNext" signature="()" line-rate="0" branch-rate="1" complexity="1">
              <lines>
                <line number="27" hits="0" branch="False" />
                <line number="28" hits="0" branch="False" />
                <line number="29" hits="0" branch="False" />
              </lines>
            </method>
          </methods>
          <lines>
            <line number="27" hits="0" branch="False" />
            <line number="28" hits="0" branch="False" />
            <line number="29" hits="0" branch="False" />
          </lines>
        </class>
        <class name="Collapsenav.Net.Tool.JsonExt" filename="Extensions\JsonExt.cs" line-rate="0" branch-rate="0" complexity="7">
          <methods>
            <method name="ToObj" signature="(System.String,System.Text.Json.JsonSerializerOptions)" line-rate="0" branch-rate="0" complexity="2">
              <lines>
                <line number="16" hits="0" branch="True" condition-coverage="0% (0/2)">
                  <conditions>
                    <condition number="3" type="jump" coverage="0%" />
                  </conditions>
                </line>
              </lines>
            </method>
            <method name="ToObjCollection" signature="(System.String,System.Text.Json.JsonSerializerOptions)" line-rate="0" branch-rate="0" complexity="2">
              <lines>
                <line number="20" hits="0" branch="True" condition-coverage="0% (0/2)">
                  <conditions>
                    <condition number="3" type="jump" coverage="0%" />
                  </conditions>
                </line>
              </lines>
            </method>
            <method name="ToJson" signature="(System.Object,System.Text.Json.JsonSerializerOptions)" line-rate="0" branch-rate="0" complexity="2">
              <lines>
                <line number="27" hits="0" branch="True" condition-coverage="0% (0/2)">
                  <conditions>
                    <condition number="3" type="jump" coverage="0%" />
                  </conditions>
                </line>
              </lines>
            </method>
            <method name=".cctor" signature="()" line-rate="0" branch-rate="1" complexity="1">
              <lines>
                <line number="8" hits="0" branch="False" />
                <line number="9" hits="0" branch="False" />
                <line number="10" hits="0" branch="False" />
                <line number="11" hits="0" branch="False" />
                <line number="12" hits="0" branch="False" />
              </lines>
            </method>
          </methods>
          <lines>
            <line number="16" hits="0" branch="True" condition-coverage="0% (0/2)">
              <conditions>
                <condition number="3" type="jump" coverage="0%" />
              </conditions>
            </line>
            <line number="20" hits="0" branch="True" condition-coverage="0% (0/2)">
              <conditions>
                <condition number="3" type="jump" coverage="0%" />
              </conditions>
            </line>
            <line number="27" hits="0" branch="True" condition-coverage="0% (0/2)">
              <conditions>
                <condition number="3" type="jump" coverage="0%" />
              </conditions>
            </line>
            <line number="8" hits="0" branch="False" />
            <line number="9" hits="0" branch="False" />
            <line number="10" hits="0" branch="False" />
            <line number="11" hits="0" branch="False" />
            <line number="12" hits="0" branch="False" />
          </lines>
        </class>
        <class name="Collapsenav.Net.Tool.SecurityExt" filename="Extensions\SecurityExt.cs" line-rate="0.5454" branch-rate="1" complexity="11">
          <methods>
            <method name="Md5En" signature="(System.String)" line-rate="1" branch-rate="1" complexity="1">
              <lines>
                <line number="11" hits="2" branch="False" />
                <line number="12" hits="2" branch="False" />
                <line number="13" hits="2" branch="False" />
              </lines>
            </method>
            <method name="Md5En" signature="(System.IO.Stream)" line-rate="1" branch-rate="1" complexity="1">
              <lines>
                <line number="18" hits="2" branch="False" />
                <line number="19" hits="2" branch="False" />
                <line number="20" hits="2" branch="False" />
              </lines>
            </method>
            <method name="Md5De" signature="(System.String)" line-rate="0" branch-rate="1" complexity="1">
              <lines>
                <line number="25" hits="0" branch="False" />
                <line number="26" hits="0" branch="False" />
                <line number="27" hits="0" branch="False" />
              </lines>
            </method>
            <method name="Sha1En" signature="(System.String)" line-rate="1" branch-rate="1" complexity="1">
              <lines>
                <line number="33" hits="2" branch="False" />
                <line number="34" hits="2" branch="False" />
                <line number="35" hits="2" branch="False" />
              </lines>
            </method>
            <method name="Sha1En" signature="(System.IO.Stream)" line-rate="0" branch-rate="1" complexity="1">
              <lines>
                <line number="40" hits="0" branch="False" />
                <line number="41" hits="0" branch="False" />
                <line number="42" hits="0" branch="False" />
              </lines>
            </method>
            <method name="Sha1De" signature="(System.String)" line-rate="0" branch-rate="1" complexity="1">
              <lines>
                <line number="47" hits="0" branch="False" />
                <line number="48" hits="0" branch="False" />
                <line number="49" hits="0" branch="False" />
              </lines>
            </method>
            <method name="Sha256En" signature="(System.String)" line-rate="1" branch-rate="1" complexity="1">
              <lines>
                <line number="55" hits="2" branch="False" />
                <line number="56" hits="2" branch="False" />
                <line number="57" hits="2" branch="False" />
              </lines>
            </method>
            <method name="Sha256En" signature="(System.IO.Stream)" line-rate="0" branch-rate="1" complexity="1">
              <lines>
                <line number="62" hits="0" branch="False" />
                <line number="63" hits="0" branch="False" />
                <line number="64" hits="0" branch="False" />
              </lines>
            </method>
            <method name="Sha256De" signature="(System.String)" line-rate="0" branch-rate="1" complexity="1">
              <lines>
                <line number="69" hits="0" branch="False" />
                <line number="70" hits="0" branch="False" />
                <line number="71" hits="0" branch="False" />
              </lines>
            </method>
            <method name="AesEn" signature="(System.String,System.String)" line-rate="1" branch-rate="1" complexity="1">
              <lines>
                <line number="77" hits="1" branch="False" />
                <line number="78" hits="1" branch="False" />
                <line number="79" hits="1" branch="False" />
              </lines>
            </method>
            <method name="AesDe" signature="(System.String,System.String)" line-rate="1" branch-rate="1" complexity="1">
              <lines>
                <line number="84" hits="1" branch="False" />
                <line number="85" hits="1" branch="False" />
                <line number="86" hits="1" branch="False" />
              </lines>
            </method>
          </methods>
          <lines>
            <line number="11" hits="2" branch="False" />
            <line number="12" hits="2" branch="False" />
            <line number="13" hits="2" branch="False" />
            <line number="18" hits="2" branch="False" />
            <line number="19" hits="2" branch="False" />
            <line number="20" hits="2" branch="False" />
            <line number="25" hits="0" branch="False" />
            <line number="26" hits="0" branch="False" />
            <line number="27" hits="0" branch="False" />
            <line number="33" hits="2" branch="False" />
            <line number="34" hits="2" branch="False" />
            <line number="35" hits="2" branch="False" />
            <line number="40" hits="0" branch="False" />
            <line number="41" hits="0" branch="False" />
            <line number="42" hits="0" branch="False" />
            <line number="47" hits="0" branch="False" />
            <line number="48" hits="0" branch="False" />
            <line number="49" hits="0" branch="False" />
            <line number="55" hits="2" branch="False" />
            <line number="56" hits="2" branch="False" />
            <line number="57" hits="2" branch="False" />
            <line number="62" hits="0" branch="False" />
            <line number="63" hits="0" branch="False" />
            <line number="64" hits="0" branch="False" />
            <line number="69" hits="0" branch="False" />
            <line number="70" hits="0" branch="False" />
            <line number="71" hits="0" branch="False" />
            <line number="77" hits="1" branch="False" />
            <line number="78" hits="1" branch="False" />
            <line number="79" hits="1" branch="False" />
            <line number="84" hits="1" branch="False" />
            <line number="85" hits="1" branch="False" />
            <line number="86" hits="1" branch="False" />
          </lines>
        </class>
        <class name="Collapsenav.Net.Tool.StringBuilderExt" filename="Extensions\StringBuilderExt.cs" line-rate="0.7058" branch-rate="0.75" complexity="8">
          <methods>
            <method name="AddIf" signature="(System.Text.StringBuilder,System.Boolean,System.String)" line-rate="1" branch-rate="1" complexity="2">
              <lines>
                <line number="8" hits="3" branch="False" />
                <line number="9" hits="3" branch="True" condition-coverage="100% (2/2)">
                  <conditions>
                    <condition number="4" type="jump" coverage="100%" />
                  </conditions>
                </line>
                <line number="10" hits="2" branch="False" />
                <line number="11" hits="3" branch="False" />
                <line number="12" hits="3" branch="False" />
              </lines>
            </method>
            <method name="AddIf" signature="(System.Text.StringBuilder,System.String,System.String)" line-rate="1" branch-rate="1" complexity="4">
              <lines>
                <line number="14" hits="2" branch="False" />
                <line number="15" hits="2" branch="True" condition-coverage="100% (2/2)">
                  <conditions>
                    <condition number="9" type="jump" coverage="100%" />
                  </conditions>
                </line>
                <line number="16" hits="1" branch="False" />
                <line number="17" hits="2" branch="True" condition-coverage="100% (2/2)">
                  <conditions>
                    <condition number="25" type="jump" coverage="100%" />
                  </conditions>
                </line>
                <line number="18" hits="2" branch="False" />
                <line number="19" hits="2" branch="False" />
                <line number="20" hits="2" branch="False" />
              </lines>
            </method>
            <method name="AndIf" signature="(System.Text.StringBuilder,System.Boolean,System.String)" line-rate="0" branch-rate="0" complexity="2">
              <lines>
                <line number="22" hits="0" branch="False" />
                <line number="23" hits="0" branch="True" condition-coverage="0% (0/2)">
                  <conditions>
                    <condition number="4" type="jump" coverage="0%" />
                  </conditions>
                </line>
                <line number="24" hits="0" branch="False" />
                <line number="25" hits="0" branch="False" />
                <line number="26" hits="0" branch="False" />
              </lines>
            </method>
          </methods>
          <lines>
            <line number="8" hits="3" branch="False" />
            <line number="9" hits="3" branch="True" condition-coverage="100% (2/2)">
              <conditions>
                <condition number="4" type="jump" coverage="100%" />
              </conditions>
            </line>
            <line number="10" hits="2" branch="False" />
            <line number="11" hits="3" branch="False" />
            <line number="12" hits="3" branch="False" />
            <line number="14" hits="2" branch="False" />
            <line number="15" hits="2" branch="True" condition-coverage="100% (2/2)">
              <conditions>
                <condition number="9" type="jump" coverage="100%" />
              </conditions>
            </line>
            <line number="16" hits="1" branch="False" />
            <line number="17" hits="2" branch="True" condition-coverage="100% (2/2)">
              <conditions>
                <condition number="25" type="jump" coverage="100%" />
              </conditions>
            </line>
            <line number="18" hits="2" branch="False" />
            <line number="19" hits="2" branch="False" />
            <line number="20" hits="2" branch="False" />
            <line number="22" hits="0" branch="False" />
            <line number="23" hits="0" branch="True" condition-coverage="0% (0/2)">
              <conditions>
                <condition number="4" type="jump" coverage="0%" />
              </conditions>
            </line>
            <line number="24" hits="0" branch="False" />
            <line number="25" hits="0" branch="False" />
            <line number="26" hits="0" branch="False" />
          </lines>
        </class>
        <class name="Collapsenav.Net.Tool.StringExt" filename="Extensions\StringExt.cs" line-rate="0.7777" branch-rate="0.5217" complexity="52">
          <methods>
            <method name="IsNull" signature="(System.String)" line-rate="1" branch-rate="1" complexity="2">
              <lines>
                <line number="12" hits="7" branch="True" condition-coverage="100% (2/2)">
                  <conditions>
                    <condition number="6" type="jump" coverage="100%" />
                  </conditions>
                </line>
              </lines>
            </method>
            <method name="IsEmpty" signature="(System.String)" line-rate="0" branch-rate="0" complexity="2">
              <lines>
                <line number="13" hits="0" branch="True" condition-coverage="0% (0/2)">
                  <conditions>
                    <condition number="6" type="jump" coverage="0%" />
                  </conditions>
                </line>
              </lines>
            </method>
            <method name="NotNull" signature="(System.String)" line-rate="0" branch-rate="1" complexity="1">
              <lines>
                <line number="14" hits="0" branch="False" />
              </lines>
            </method>
            <method name="NotEmpty" signature="(System.String)" line-rate="0" branch-rate="1" complexity="1">
              <lines>
                <line number="15" hits="0" branch="False" />
              </lines>
            </method>
            <method name="PadLeft" signature="(System.Int32,System.Int32,System.Nullable`1&lt;System.Char&gt;)" line-rate="0" branch-rate="0" complexity="2">
              <lines>
                <line number="18" hits="0" branch="True" condition-coverage="0% (0/2)">
                  <conditions>
                    <condition number="7" type="jump" coverage="0%" />
                  </conditions>
                </line>
              </lines>
            </method>
            <method name="PadLeft" signature="(System.Double,System.Int32,System.Nullable`1&lt;System.Char&gt;)" line-rate="0" branch-rate="0" complexity="2">
              <lines>
                <line number="19" hits="0" branch="True" condition-coverage="0% (0/2)">
                  <conditions>
                    <condition number="7" type="jump" coverage="0%" />
                  </conditions>
                </line>
              </lines>
            </method>
            <method name="PadLeft" signature="(System.Int64,System.Int32,System.Nullable`1&lt;System.Char&gt;)" line-rate="0" branch-rate="0" complexity="2">
              <lines>
                <line number="20" hits="0" branch="True" condition-coverage="0% (0/2)">
                  <conditions>
                    <condition number="7" type="jump" coverage="0%" />
                  </conditions>
                </line>
              </lines>
            </method>
            <method name="PadRight" signature="(System.Int32,System.Int32,System.Nullable`1&lt;System.Char&gt;)" line-rate="0" branch-rate="0" complexity="2">
              <lines>
                <line number="21" hits="0" branch="True" condition-coverage="0% (0/2)">
                  <conditions>
                    <condition number="7" type="jump" coverage="0%" />
                  </conditions>
                </line>
              </lines>
            </method>
            <method name="PadRight" signature="(System.Double,System.Int32,System.Nullable`1&lt;System.Char&gt;)" line-rate="0" branch-rate="0" complexity="2">
              <lines>
                <line number="22" hits="0" branch="True" condition-coverage="0% (0/2)">
                  <conditions>
                    <condition number="7" type="jump" coverage="0%" />
                  </conditions>
                </line>
              </lines>
            </method>
            <method name="PadRight" signature="(System.Int64,System.Int32,System.Nullable`1&lt;System.Char&gt;)" line-rate="0" branch-rate="0" complexity="2">
              <lines>
                <line number="23" hits="0" branch="True" condition-coverage="0% (0/2)">
                  <conditions>
                    <condition number="7" type="jump" coverage="0%" />
                  </conditions>
                </line>
              </lines>
            </method>
            <method name="ToChinese" signature="(System.String)" line-rate="1" branch-rate="1" complexity="6">
              <lines>
                <line number="32" hits="5" branch="False" />
                <line number="33" hits="5" branch="False" />
                <line number="34" hits="5" branch="False" />
                <line number="35" hits="5" branch="False" />
                <line number="36" hits="5" branch="False" />
                <line number="37" hits="5" branch="False" />
                <line number="38" hits="159" branch="True" condition-coverage="100% (2/2)">
                  <conditions>
                    <condition number="404" type="jump" coverage="100%" />
                  </conditions>
                </line>
                <line number="39" hits="48" branch="False" />
                <line number="40" hits="48" branch="False" />
                <line number="42" hits="48" branch="True" condition-coverage="100% (4/4)">
                  <conditions>
                    <condition number="353" type="jump" coverage="100%" />
                    <condition number="380" type="jump" coverage="100%" />
                  </conditions>
                </line>
                <line number="43" hits="12" branch="False" />
                <line number="44" hits="36" branch="False" />
                <line number="45" hits="36" branch="False" />
                <line number="46" hits="5" branch="False" />
                <line number="47" hits="5" branch="False" />
                <line number="48" hits="5" branch="False" />
                <line number="49" hits="5" branch="False" />
                <line number="50" hits="5" branch="False" />
                <line number="51" hits="5" branch="False" />
              </lines>
            </method>
            <method name="ToDateTime" signature="(System.String)" line-rate="1" branch-rate="0.5" complexity="2">
              <lines>
                <line number="54" hits="1" branch="True" condition-coverage="50% (1/2)">
                  <conditions>
                    <condition number="8" type="jump" coverage="50%" />
                  </conditions>
                </line>
              </lines>
            </method>
            <method name="ToInt" signature="(System.String)" line-rate="1" branch-rate="0.5" complexity="2">
              <lines>
                <line number="55" hits="1" branch="True" condition-coverage="50% (1/2)">
                  <conditions>
                    <condition number="8" type="jump" coverage="50%" />
                  </conditions>
                </line>
              </lines>
            </method>
            <method name="ToDouble" signature="(System.String)" line-rate="1" branch-rate="0.5" complexity="2">
              <lines>
                <line number="56" hits="1" branch="True" condition-coverage="50% (1/2)">
                  <conditions>
                    <condition number="8" type="jump" coverage="50%" />
                  </conditions>
                </line>
              </lines>
            </method>
            <method name="ToGuid" signature="(System.String)" line-rate="1" branch-rate="0.5" complexity="2">
              <lines>
                <line number="57" hits="1" branch="True" condition-coverage="50% (1/2)">
                  <conditions>
                    <condition number="8" type="jump" coverage="50%" />
                  </conditions>
                </line>
              </lines>
            </method>
            <method name="ToLong" signature="(System.String)" line-rate="1" branch-rate="0.5" complexity="2">
              <lines>
                <line number="58" hits="1" branch="True" condition-coverage="50% (1/2)">
                  <conditions>
                    <condition number="8" type="jump" coverage="50%" />
                  </conditions>
                </line>
              </lines>
            </method>
            <method name="Join" signature="(System.Collections.Generic.IEnumerable`1&lt;T&gt;,System.String,System.Func`2&lt;T,System.Object&gt;)" line-rate="1" branch-rate="1" complexity="4">
              <lines>
                <line number="63" hits="21" branch="True" condition-coverage="100% (4/4)">
                  <conditions>
                    <condition number="4" type="jump" coverage="100%" />
                    <condition number="13" type="jump" coverage="100%" />
                  </conditions>
                </line>
              </lines>
            </method>
            <method name="IsEmail" signature="(System.String)" line-rate="0.8" branch-rate="0.5" complexity="2">
              <lines>
                <line number="70" hits="1" branch="False" />
                <line number="71" hits="1" branch="True" condition-coverage="50% (1/2)">
                  <conditions>
                    <condition number="9" type="jump" coverage="50%" />
                  </conditions>
                </line>
                <line number="72" hits="0" branch="False" />
                <line number="73" hits="1" branch="False" />
                <line number="74" hits="1" branch="False" />
              </lines>
            </method>
            <method name="IsUrl" signature="(System.String,System.Boolean)" line-rate="1" branch-rate="0.8332999999999999" complexity="6">
              <lines>
                <line number="80" hits="4" branch="False" />
                <line number="82" hits="4" branch="False" />
                <line number="83" hits="5" branch="True" condition-coverage="100% (2/2)">
                  <conditions>
                    <condition number="36" type="jump" coverage="100%" />
                  </conditions>
                </line>
                <line number="85" hits="3" branch="True" condition-coverage="75% (3/4)">
                  <conditions>
                    <condition number="43" type="jump" coverage="100%" />
                    <condition number="69" type="jump" coverage="50%" />
                  </conditions>
                </line>
                <line number="87" hits="3" branch="False" />
                <line number="88" hits="4" branch="False" />
              </lines>
            </method>
            <method name="CanPing" signature="(System.String,System.Int32)" line-rate="1" branch-rate="1" complexity="1">
              <lines>
                <line number="94" hits="1" branch="False" />
                <line number="95" hits="1" branch="False" />
                <line number="96" hits="1" branch="False" />
                <line number="97" hits="1" branch="False" />
                <line number="98" hits="1" branch="False" />
              </lines>
            </method>
            <method name="GetDomain" signature="(System.String)" line-rate="0.8571" branch-rate="0.5" complexity="2">
              <lines>
                <line number="104" hits="1" branch="False" />
                <line number="105" hits="1" branch="True" condition-coverage="50% (1/2)">
                  <conditions>
                    <condition number="10" type="jump" coverage="50%" />
                  </conditions>
                </line>
                <line number="106" hits="1" branch="False" />
                <line number="107" hits="1" branch="False" />
                <line number="108" hits="1" branch="False" />
                <line number="111" hits="0" branch="False" />
                <line number="112" hits="1" branch="False" />
              </lines>
            </method>
            <method name="StartsWith" signature="(System.String,System.String[])" line-rate="1" branch-rate="1" complexity="1">
              <lines>
                <line number="114" hits="15" branch="False" />
              </lines>
            </method>
            <method name="EndsWith" signature="(System.String,System.String[])" line-rate="1" branch-rate="1" complexity="1">
              <lines>
                <line number="115" hits="4" branch="False" />
              </lines>
            </method>
            <method name="ToString" signature="(System.Char,System.Int32)" line-rate="0" branch-rate="1" complexity="1">
              <lines>
                <line number="119" hits="0" branch="False" />
                <line number="120" hits="0" branch="False" />
                <line number="121" hits="0" branch="False" />
              </lines>
            </method>
          </methods>
          <lines>
            <line number="12" hits="7" branch="True" condition-coverage="100% (2/2)">
              <conditions>
                <condition number="6" type="jump" coverage="100%" />
              </conditions>
            </line>
            <line number="13" hits="0" branch="True" condition-coverage="0% (0/2)">
              <conditions>
                <condition number="6" type="jump" coverage="0%" />
              </conditions>
            </line>
            <line number="14" hits="0" branch="False" />
            <line number="15" hits="0" branch="False" />
            <line number="18" hits="0" branch="True" condition-coverage="0% (0/2)">
              <conditions>
                <condition number="7" type="jump" coverage="0%" />
              </conditions>
            </line>
            <line number="19" hits="0" branch="True" condition-coverage="0% (0/2)">
              <conditions>
                <condition number="7" type="jump" coverage="0%" />
              </conditions>
            </line>
            <line number="20" hits="0" branch="True" condition-coverage="0% (0/2)">
              <conditions>
                <condition number="7" type="jump" coverage="0%" />
              </conditions>
            </line>
            <line number="21" hits="0" branch="True" condition-coverage="0% (0/2)">
              <conditions>
                <condition number="7" type="jump" coverage="0%" />
              </conditions>
            </line>
            <line number="22" hits="0" branch="True" condition-coverage="0% (0/2)">
              <conditions>
                <condition number="7" type="jump" coverage="0%" />
              </conditions>
            </line>
            <line number="23" hits="0" branch="True" condition-coverage="0% (0/2)">
              <conditions>
                <condition number="7" type="jump" coverage="0%" />
              </conditions>
            </line>
            <line number="32" hits="5" branch="False" />
            <line number="33" hits="5" branch="False" />
            <line number="34" hits="5" branch="False" />
            <line number="35" hits="5" branch="False" />
            <line number="36" hits="5" branch="False" />
            <line number="37" hits="5" branch="False" />
            <line number="38" hits="159" branch="True" condition-coverage="100% (2/2)">
              <conditions>
                <condition number="404" type="jump" coverage="100%" />
              </conditions>
            </line>
            <line number="39" hits="48" branch="False" />
            <line number="40" hits="48" branch="False" />
            <line number="42" hits="48" branch="True" condition-coverage="100% (4/4)">
              <conditions>
                <condition number="353" type="jump" coverage="100%" />
                <condition number="380" type="jump" coverage="100%" />
              </conditions>
            </line>
            <line number="43" hits="12" branch="False" />
            <line number="44" hits="36" branch="False" />
            <line number="45" hits="36" branch="False" />
            <line number="46" hits="5" branch="False" />
            <line number="47" hits="5" branch="False" />
            <line number="48" hits="5" branch="False" />
            <line number="49" hits="5" branch="False" />
            <line number="50" hits="5" branch="False" />
            <line number="51" hits="5" branch="False" />
            <line number="54" hits="1" branch="True" condition-coverage="50% (1/2)">
              <conditions>
                <condition number="8" type="jump" coverage="50%" />
              </conditions>
            </line>
            <line number="55" hits="1" branch="True" condition-coverage="50% (1/2)">
              <conditions>
                <condition number="8" type="jump" coverage="50%" />
              </conditions>
            </line>
            <line number="56" hits="1" branch="True" condition-coverage="50% (1/2)">
              <conditions>
                <condition number="8" type="jump" coverage="50%" />
              </conditions>
            </line>
            <line number="57" hits="1" branch="True" condition-coverage="50% (1/2)">
              <conditions>
                <condition number="8" type="jump" coverage="50%" />
              </conditions>
            </line>
            <line number="58" hits="1" branch="True" condition-coverage="50% (1/2)">
              <conditions>
                <condition number="8" type="jump" coverage="50%" />
              </conditions>
            </line>
            <line number="63" hits="21" branch="True" condition-coverage="100% (4/4)">
              <conditions>
                <condition number="4" type="jump" coverage="100%" />
                <condition number="13" type="jump" coverage="100%" />
              </conditions>
            </line>
            <line number="70" hits="1" branch="False" />
            <line number="71" hits="1" branch="True" condition-coverage="50% (1/2)">
              <conditions>
                <condition number="9" type="jump" coverage="50%" />
              </conditions>
            </line>
            <line number="72" hits="0" branch="False" />
            <line number="73" hits="1" branch="False" />
            <line number="74" hits="1" branch="False" />
            <line number="80" hits="4" branch="False" />
            <line number="82" hits="4" branch="False" />
            <line number="83" hits="5" branch="True" condition-coverage="100% (2/2)">
              <conditions>
                <condition number="36" type="jump" coverage="100%" />
              </conditions>
            </line>
            <line number="85" hits="3" branch="True" condition-coverage="75% (3/4)">
              <conditions>
                <condition number="43" type="jump" coverage="100%" />
                <condition number="69" type="jump" coverage="50%" />
              </conditions>
            </line>
            <line number="87" hits="3" branch="False" />
            <line number="88" hits="4" branch="False" />
            <line number="94" hits="1" branch="False" />
            <line number="95" hits="1" branch="False" />
            <line number="96" hits="1" branch="False" />
            <line number="97" hits="1" branch="False" />
            <line number="98" hits="1" branch="False" />
            <line number="104" hits="1" branch="False" />
            <line number="105" hits="1" branch="True" condition-coverage="50% (1/2)">
              <conditions>
                <condition number="10" type="jump" coverage="50%" />
              </conditions>
            </line>
            <line number="106" hits="1" branch="False" />
            <line number="107" hits="1" branch="False" />
            <line number="108" hits="1" branch="False" />
            <line number="111" hits="0" branch="False" />
            <line number="112" hits="1" branch="False" />
            <line number="114" hits="15" branch="False" />
            <line number="115" hits="4" branch="False" />
            <line number="119" hits="0" branch="False" />
            <line number="120" hits="0" branch="False" />
            <line number="121" hits="0" branch="False" />
          </lines>
        </class>
        <class name="Collapsenav.Net.Tool.FileTool/&lt;GetAsync&gt;d__0" filename="Files\Files.cs" line-rate="1" branch-rate="0.75" complexity="4">
          <methods>
            <method name="MoveNext" signature="()" line-rate="1" branch-rate="0.75" complexity="4">
              <lines>
                <line number="11" hits="1" branch="False" />
                <line number="12" hits="1" branch="True" condition-coverage="100% (2/2)">
                  <conditions>
                    <condition number="24" type="jump" coverage="100%" />
                  </conditions>
                </line>
                <line number="13" hits="1" branch="False" />
                <line number="14" hits="1" branch="False" />
                <line number="15" hits="1" branch="False" />
                <line number="16" hits="1" branch="False" />
                <line number="17" hits="1" branch="False" />
                <line number="18" hits="1" branch="False" />
                <line number="19" hits="1" branch="True" condition-coverage="50% (1/2)">
                  <conditions>
                    <condition number="245" type="jump" coverage="50%" />
                  </conditions>
                </line>
                <line number="20" hits="1" branch="False" />
              </lines>
            </method>
          </methods>
          <lines>
            <line number="11" hits="1" branch="False" />
            <line number="12" hits="1" branch="True" condition-coverage="100% (2/2)">
              <conditions>
                <condition number="24" type="jump" coverage="100%" />
              </conditions>
            </line>
            <line number="13" hits="1" branch="False" />
            <line number="14" hits="1" branch="False" />
            <line number="15" hits="1" branch="False" />
            <line number="16" hits="1" branch="False" />
            <line number="17" hits="1" branch="False" />
            <line number="18" hits="1" branch="False" />
            <line number="19" hits="1" branch="True" condition-coverage="50% (1/2)">
              <conditions>
                <condition number="245" type="jump" coverage="50%" />
              </conditions>
            </line>
            <line number="20" hits="1" branch="False" />
          </lines>
        </class>
        <class name="Collapsenav.Net.Tool.FileTool/&lt;SendAsync&gt;d__1" filename="Files\Files.cs" line-rate="0" branch-rate="0" complexity="6">
          <methods>
            <method name="MoveNext" signature="()" line-rate="0" branch-rate="0" complexity="6">
              <lines>
                <line number="23" hits="0" branch="False" />
                <line number="24" hits="0" branch="True" condition-coverage="0% (0/2)">
                  <conditions>
                    <condition number="24" type="jump" coverage="0%" />
                  </conditions>
                </line>
                <line number="25" hits="0" branch="False" />
                <line number="26" hits="0" branch="True" condition-coverage="0% (0/2)">
                  <conditions>
                    <condition number="147" type="jump" coverage="0%" />
                  </conditions>
                </line>
                <line number="27" hits="0" branch="False" />
                <line number="28" hits="0" branch="False" />
                <line number="29" hits="0" branch="False" />
                <line number="30" hits="0" branch="False" />
                <line number="31" hits="0" branch="False" />
                <line number="32" hits="0" branch="False" />
                <line number="33" hits="0" branch="False" />
                <line number="34" hits="0" branch="True" condition-coverage="0% (0/2)">
                  <conditions>
                    <condition number="387" type="jump" coverage="0%" />
                  </conditions>
                </line>
                <line number="35" hits="0" branch="False" />
              </lines>
            </method>
          </methods>
          <lines>
            <line number="23" hits="0" branch="False" />
            <line number="24" hits="0" branch="True" condition-coverage="0% (0/2)">
              <conditions>
                <condition number="24" type="jump" coverage="0%" />
              </conditions>
            </line>
            <line number="25" hits="0" branch="False" />
            <line number="26" hits="0" branch="True" condition-coverage="0% (0/2)">
              <conditions>
                <condition number="147" type="jump" coverage="0%" />
              </conditions>
            </line>
            <line number="27" hits="0" branch="False" />
            <line number="28" hits="0" branch="False" />
            <line number="29" hits="0" branch="False" />
            <line number="30" hits="0" branch="False" />
            <line number="31" hits="0" branch="False" />
            <line number="32" hits="0" branch="False" />
            <line number="33" hits="0" branch="False" />
            <line number="34" hits="0" branch="True" condition-coverage="0% (0/2)">
              <conditions>
                <condition number="387" type="jump" coverage="0%" />
              </conditions>
            </line>
            <line number="35" hits="0" branch="False" />
          </lines>
        </class>
        <class name="Collapsenav.Net.Tool.CntFileInfo" filename="Files\Unit\CntFileInfo.cs" line-rate="0.7777" branch-rate="0.5" complexity="11">
          <methods>
            <method name="Convert" signature="(System.Net.Http.HttpResponseMessage)" line-rate="1" branch-rate="1" complexity="1">
              <lines>
                <line number="24" hits="1" branch="False" />
                <line number="25" hits="1" branch="False" />
                <line number="26" hits="1" branch="False" />
              </lines>
            </method>
            <method name="Init" signature="(System.IO.Stream,System.String)" line-rate="1" branch-rate="1" complexity="1">
              <lines>
                <line number="28" hits="1" branch="False" />
                <line number="29" hits="1" branch="False" />
                <line number="30" hits="1" branch="False" />
                <line number="31" hits="1" branch="False" />
                <line number="32" hits="1" branch="False" />
                <line number="33" hits="1" branch="False" />
              </lines>
            </method>
            <method name="get_File" signature="()" line-rate="1" branch-rate="1" complexity="1">
              <lines>
                <line number="45" hits="4" branch="False" />
              </lines>
            </method>
            <method name="get_FileName" signature="()" line-rate="1" branch-rate="1" complexity="1">
              <lines>
                <line number="46" hits="2" branch="False" />
              </lines>
            </method>
            <method name="get_Size" signature="()" line-rate="1" branch-rate="1" complexity="1">
              <lines>
                <line number="47" hits="1" branch="False" />
              </lines>
            </method>
            <method name="get_Ext" signature="()" line-rate="1" branch-rate="1" complexity="1">
              <lines>
                <line number="48" hits="2" branch="False" />
              </lines>
            </method>
            <method name="get_ContentType" signature="()" line-rate="0" branch-rate="1" complexity="1">
              <lines>
                <line number="49" hits="0" branch="False" />
              </lines>
            </method>
            <method name=".ctor" signature="()" line-rate="0" branch-rate="1" complexity="1">
              <lines>
                <line number="10" hits="0" branch="False" />
              </lines>
            </method>
            <method name=".ctor" signature="(System.IO.Stream,System.String)" line-rate="0" branch-rate="1" complexity="1">
              <lines>
                <line number="11" hits="0" branch="False" />
                <line number="12" hits="0" branch="False" />
                <line number="13" hits="0" branch="False" />
                <line number="14" hits="0" branch="False" />
              </lines>
            </method>
            <method name=".ctor" signature="(System.Net.Http.HttpResponseMessage)" line-rate="1" branch-rate="0.5" complexity="2">
              <lines>
                <line number="15" hits="1" branch="False" />
                <line number="16" hits="1" branch="False" />
                <line number="17" hits="1" branch="True" condition-coverage="50% (1/2)">
                  <conditions>
                    <condition number="64" type="jump" coverage="50%" />
                  </conditions>
                </line>
                <line number="18" hits="5" branch="False" />
                <line number="19" hits="1" branch="False" />
                <line number="20" hits="1" branch="False" />
                <line number="21" hits="1" branch="False" />
                <line number="22" hits="1" branch="False" />
              </lines>
            </method>
          </methods>
          <lines>
            <line number="24" hits="1" branch="False" />
            <line number="25" hits="1" branch="False" />
            <line number="26" hits="1" branch="False" />
            <line number="28" hits="1" branch="False" />
            <line number="29" hits="1" branch="False" />
            <line number="30" hits="1" branch="False" />
            <line number="31" hits="1" branch="False" />
            <line number="32" hits="1" branch="False" />
            <line number="33" hits="1" branch="False" />
            <line number="45" hits="4" branch="False" />
            <line number="46" hits="2" branch="False" />
            <line number="47" hits="1" branch="False" />
            <line number="48" hits="2" branch="False" />
            <line number="49" hits="0" branch="False" />
            <line number="10" hits="0" branch="False" />
            <line number="11" hits="0" branch="False" />
            <line number="12" hits="0" branch="False" />
            <line number="13" hits="0" branch="False" />
            <line number="14" hits="0" branch="False" />
            <line number="15" hits="1" branch="False" />
            <line number="16" hits="1" branch="False" />
            <line number="17" hits="1" branch="True" condition-coverage="50% (1/2)">
              <conditions>
                <condition number="64" type="jump" coverage="50%" />
              </conditions>
            </line>
            <line number="18" hits="5" branch="False" />
            <line number="19" hits="1" branch="False" />
            <line number="20" hits="1" branch="False" />
            <line number="21" hits="1" branch="False" />
            <line number="22" hits="1" branch="False" />
          </lines>
        </class>
        <class name="Collapsenav.Net.Tool.CntFileInfo/&lt;SaveToAsync&gt;d__5" filename="Files\Unit\CntFileInfo.cs" line-rate="0.8571" branch-rate="0.5" complexity="4">
          <methods>
            <method name="MoveNext" signature="()" line-rate="0.8571" branch-rate="0.5" complexity="4">
              <lines>
                <line number="36" hits="1" branch="False" />
                <line number="37" hits="1" branch="True" condition-coverage="50% (2/4)">
                  <conditions>
                    <condition number="21" type="jump" coverage="50%" />
                    <condition number="55" type="jump" coverage="50%" />
                  </conditions>
                </line>
                <line number="38" hits="0" branch="False" />
                <line number="39" hits="1" branch="False" />
                <line number="40" hits="1" branch="False" />
                <line number="41" hits="1" branch="False" />
                <line number="43" hits="1" branch="False" />
              </lines>
            </method>
          </methods>
          <lines>
            <line number="36" hits="1" branch="False" />
            <line number="37" hits="1" branch="True" condition-coverage="50% (2/4)">
              <conditions>
                <condition number="21" type="jump" coverage="50%" />
                <condition number="55" type="jump" coverage="50%" />
              </conditions>
            </line>
            <line number="38" hits="0" branch="False" />
            <line number="39" hits="1" branch="False" />
            <line number="40" hits="1" branch="False" />
            <line number="41" hits="1" branch="False" />
            <line number="43" hits="1" branch="False" />
          </lines>
        </class>
        <class name="Collapsenav.Net.Tool.AESTool" filename="Security\AES.cs" line-rate="0.8437" branch-rate="0.5" complexity="7">
          <methods>
            <method name="Decrypt" signature="(System.String,System.String)" line-rate="1" branch-rate="1" complexity="1">
              <lines>
                <line number="20" hits="2" branch="False" />
                <line number="21" hits="2" branch="False" />
                <line number="22" hits="2" branch="False" />
                <line number="24" hits="2" branch="False" />
                <line number="25" hits="2" branch="False" />
                <line number="26" hits="2" branch="False" />
                <line number="27" hits="2" branch="False" />
                <line number="28" hits="2" branch="False" />
                <line number="29" hits="2" branch="False" />
                <line number="30" hits="2" branch="False" />
                <line number="31" hits="2" branch="False" />
              </lines>
            </method>
            <method name="Encrypt" signature="(System.String,System.String,System.String,System.Int32)" line-rate="1" branch-rate="0.5" complexity="2">
              <lines>
                <line number="36" hits="2" branch="False" />
                <line number="37" hits="2" branch="False" />
                <line number="39" hits="2" branch="False" />
                <line number="40" hits="2" branch="False" />
                <line number="41" hits="2" branch="True" condition-coverage="50% (1/2)">
                  <conditions>
                    <condition number="40" type="jump" coverage="50%" />
                  </conditions>
                </line>
                <line number="42" hits="2" branch="False" />
                <line number="43" hits="2" branch="False" />
                <line number="44" hits="2" branch="False" />
                <line number="45" hits="2" branch="False" />
                <line number="46" hits="2" branch="False" />
                <line number="47" hits="2" branch="False" />
              </lines>
            </method>
            <method name="GetAesBytes" signature="(System.String,System.Int32)" line-rate="1" branch-rate="1" complexity="2">
              <lines>
                <line number="50" hits="6" branch="False" />
                <line number="51" hits="6" branch="True" condition-coverage="100% (2/2)">
                  <conditions>
                    <condition number="12" type="jump" coverage="100%" />
                  </conditions>
                </line>
                <line number="52" hits="4" branch="False" />
                <line number="53" hits="6" branch="False" />
                <line number="54" hits="6" branch="False" />
              </lines>
            </method>
            <method name="GetAesBytes" signature="(System.Byte[],System.Int32)" line-rate="0" branch-rate="0" complexity="2">
              <lines>
                <line number="56" hits="0" branch="False" />
                <line number="57" hits="0" branch="True" condition-coverage="0% (0/2)">
                  <conditions>
                    <condition number="9" type="jump" coverage="0%" />
                  </conditions>
                </line>
                <line number="58" hits="0" branch="False" />
                <line number="59" hits="0" branch="False" />
                <line number="60" hits="0" branch="False" />
              </lines>
            </method>
          </methods>
          <lines>
            <line number="20" hits="2" branch="False" />
            <line number="21" hits="2" branch="False" />
            <line number="22" hits="2" branch="False" />
            <line number="24" hits="2" branch="False" />
            <line number="25" hits="2" branch="False" />
            <line number="26" hits="2" branch="False" />
            <line number="27" hits="2" branch="False" />
            <line number="28" hits="2" branch="False" />
            <line number="29" hits="2" branch="False" />
            <line number="30" hits="2" branch="False" />
            <line number="31" hits="2" branch="False" />
            <line number="36" hits="2" branch="False" />
            <line number="37" hits="2" branch="False" />
            <line number="39" hits="2" branch="False" />
            <line number="40" hits="2" branch="False" />
            <line number="41" hits="2" branch="True" condition-coverage="50% (1/2)">
              <conditions>
                <condition number="40" type="jump" coverage="50%" />
              </conditions>
            </line>
            <line number="42" hits="2" branch="False" />
            <line number="43" hits="2" branch="False" />
            <line number="44" hits="2" branch="False" />
            <line number="45" hits="2" branch="False" />
            <line number="46" hits="2" branch="False" />
            <line number="47" hits="2" branch="False" />
            <line number="50" hits="6" branch="False" />
            <line number="51" hits="6" branch="True" condition-coverage="100% (2/2)">
              <conditions>
                <condition number="12" type="jump" coverage="100%" />
              </conditions>
            </line>
            <line number="52" hits="4" branch="False" />
            <line number="53" hits="6" branch="False" />
            <line number="54" hits="6" branch="False" />
            <line number="56" hits="0" branch="False" />
            <line number="57" hits="0" branch="True" condition-coverage="0% (0/2)">
              <conditions>
                <condition number="9" type="jump" coverage="0%" />
              </conditions>
            </line>
            <line number="58" hits="0" branch="False" />
            <line number="59" hits="0" branch="False" />
            <line number="60" hits="0" branch="False" />
          </lines>
        </class>
        <class name="Collapsenav.Net.Tool.MD5Tool" filename="Security\Md5.cs" line-rate="0.8332999999999999" branch-rate="1" complexity="3">
          <methods>
            <method name="Decrypt" signature="(System.String)" line-rate="0" branch-rate="1" complexity="1">
              <lines>
                <line number="17" hits="0" branch="False" />
                <line number="18" hits="0" branch="False" />
              </lines>
            </method>
            <method name="Encrypt" signature="(System.String)" line-rate="1" branch-rate="1" complexity="1">
              <lines>
                <line number="24" hits="2" branch="False" />
                <line number="25" hits="2" branch="False" />
                <line number="26" hits="2" branch="False" />
                <line number="27" hits="2" branch="False" />
                <line number="28" hits="2" branch="False" />
              </lines>
            </method>
            <method name="Encrypt" signature="(System.IO.Stream)" line-rate="1" branch-rate="1" complexity="1">
              <lines>
                <line number="33" hits="2" branch="False" />
                <line number="34" hits="2" branch="False" />
                <line number="35" hits="2" branch="False" />
                <line number="36" hits="2" branch="False" />
                <line number="37" hits="2" branch="False" />
              </lines>
            </method>
          </methods>
          <lines>
            <line number="17" hits="0" branch="False" />
            <line number="18" hits="0" branch="False" />
            <line number="24" hits="2" branch="False" />
            <line number="25" hits="2" branch="False" />
            <line number="26" hits="2" branch="False" />
            <line number="27" hits="2" branch="False" />
            <line number="28" hits="2" branch="False" />
            <line number="33" hits="2" branch="False" />
            <line number="34" hits="2" branch="False" />
            <line number="35" hits="2" branch="False" />
            <line number="36" hits="2" branch="False" />
            <line number="37" hits="2" branch="False" />
          </lines>
        </class>
        <class name="Collapsenav.Net.Tool.Sha1Tool" filename="Security\Sha1.cs" line-rate="0.41659999999999997" branch-rate="1" complexity="3">
          <methods>
            <method name="Decrypt" signature="(System.String)" line-rate="0" branch-rate="1" complexity="1">
              <lines>
                <line number="17" hits="0" branch="False" />
                <line number="18" hits="0" branch="False" />
              </lines>
            </method>
            <method name="Encrypt" signature="(System.String)" line-rate="1" branch-rate="1" complexity="1">
              <lines>
                <line number="24" hits="2" branch="False" />
                <line number="25" hits="2" branch="False" />
                <line number="26" hits="2" branch="False" />
                <line number="27" hits="2" branch="False" />
                <line number="28" hits="2" branch="False" />
              </lines>
            </method>
            <method name="Encrypt" signature="(System.IO.Stream)" line-rate="0" branch-rate="1" complexity="1">
              <lines>
                <line number="33" hits="0" branch="False" />
                <line number="34" hits="0" branch="False" />
                <line number="35" hits="0" branch="False" />
                <line number="36" hits="0" branch="False" />
                <line number="37" hits="0" branch="False" />
              </lines>
            </method>
          </methods>
          <lines>
            <line number="17" hits="0" branch="False" />
            <line number="18" hits="0" branch="False" />
            <line number="24" hits="2" branch="False" />
            <line number="25" hits="2" branch="False" />
            <line number="26" hits="2" branch="False" />
            <line number="27" hits="2" branch="False" />
            <line number="28" hits="2" branch="False" />
            <line number="33" hits="0" branch="False" />
            <line number="34" hits="0" branch="False" />
            <line number="35" hits="0" branch="False" />
            <line number="36" hits="0" branch="False" />
            <line number="37" hits="0" branch="False" />
          </lines>
        </class>
        <class name="Collapsenav.Net.Tool.Sha256Tool" filename="Security\Sha256.cs" line-rate="0.41659999999999997" branch-rate="1" complexity="3">
          <methods>
            <method name="Decrypt" signature="(System.String)" line-rate="0" branch-rate="1" complexity="1">
              <lines>
                <line number="17" hits="0" branch="False" />
                <line number="18" hits="0" branch="False" />
              </lines>
            </method>
            <method name="Encrypt" signature="(System.String)" line-rate="1" branch-rate="1" complexity="1">
              <lines>
                <line number="24" hits="2" branch="False" />
                <line number="25" hits="2" branch="False" />
                <line number="26" hits="2" branch="False" />
                <line number="27" hits="2" branch="False" />
                <line number="28" hits="2" branch="False" />
              </lines>
            </method>
            <method name="Encrypt" signature="(System.IO.Stream)" line-rate="0" branch-rate="1" complexity="1">
              <lines>
                <line number="33" hits="0" branch="False" />
                <line number="34" hits="0" branch="False" />
                <line number="35" hits="0" branch="False" />
                <line number="36" hits="0" branch="False" />
                <line number="37" hits="0" branch="False" />
              </lines>
            </method>
          </methods>
          <lines>
            <line number="17" hits="0" branch="False" />
            <line number="18" hits="0" branch="False" />
            <line number="24" hits="2" branch="False" />
            <line number="25" hits="2" branch="False" />
            <line number="26" hits="2" branch="False" />
            <line number="27" hits="2" branch="False" />
            <line number="28" hits="2" branch="False" />
            <line number="33" hits="0" branch="False" />
            <line number="34" hits="0" branch="False" />
            <line number="35" hits="0" branch="False" />
            <line number="36" hits="0" branch="False" />
            <line number="37" hits="0" branch="False" />
          </lines>
        </class>
      </classes>
    </package>
  </packages>
</coverage>